<?xml version="1.0" encoding="UTF-8"?>
<testng-results skipped="0" failed="0" ignored="0" total="1" passed="1">
  <reporter-output>
  </reporter-output>
  <suite name="Default suite" duration-ms="7549" started-at="2019-09-03T17:06:35 IST" finished-at="2019-09-03T17:06:42 IST">
    <groups>
    </groups>
    <test name="Default test" duration-ms="7549" started-at="2019-09-03T17:06:35 IST" finished-at="2019-09-03T17:06:42 IST">
      <class name="Tests.TestCase_Login">
        <test-method status="PASS" signature="beforeClass()[pri:0, instance:Tests.TestCase_Login@6e0e048a]" name="beforeClass" is-config="true" duration-ms="0" started-at="2019-09-03T17:06:35 IST" finished-at="2019-09-03T17:06:35 IST">
          <reporter-output>
          </reporter-output>
        </test-method> <!-- beforeClass -->
        <test-method status="PASS" signature="f()[pri:0, instance:Tests.TestCase_Login@6e0e048a]" name="f" duration-ms="7502" started-at="2019-09-03T17:06:35 IST" finished-at="2019-09-03T17:06:42 IST">
          <reporter-output>
          </reporter-output>
        </test-method> <!-- f -->
        <test-method status="PASS" signature="afterClass()[pri:0, instance:Tests.TestCase_Login@6e0e048a]" name="afterClass" is-config="true" duration-ms="0" started-at="2019-09-03T17:06:42 IST" finished-at="2019-09-03T17:06:42 IST">
          <reporter-output>
          </reporter-output>
        </test-method> <!-- afterClass -->
      </class> <!-- Tests.TestCase_Login -->
    </test> <!-- Default test -->
  </suite> <!-- Default suite -->
</testng-results>
